  PointerBasic.cpp
C:\Dev\VisualStudio\C\Pointer\PointerBasic\PointerBasic.cpp(10,13): warning C4305: 'initializing': truncation from 'double' to 'float'
C:\Dev\VisualStudio\C\Pointer\PointerBasic\PointerBasic.cpp(23,9): warning C4477: 'printf' : format string '%d' requires an argument of type 'int', but variadic argument 2 has type 'int *'
C:\Dev\VisualStudio\C\Pointer\PointerBasic\PointerBasic.cpp(23,9): warning C4313: 'printf': '%d' in format string conflicts with argument 2 of type 'int *'
C:\Dev\VisualStudio\C\Pointer\PointerBasic\PointerBasic.cpp(24,9): warning C4477: 'printf' : format string '%d' requires an argument of type 'int', but variadic argument 1 has type 'int *'
C:\Dev\VisualStudio\C\Pointer\PointerBasic\PointerBasic.cpp(24,9): warning C4313: 'printf': '%d' in format string conflicts with argument 1 of type 'int *'
C:\Dev\VisualStudio\C\Pointer\PointerBasic\PointerBasic.cpp(24,9): warning C4477: 'printf' : format string '%d' requires an argument of type 'int', but variadic argument 2 has type 'int **'
C:\Dev\VisualStudio\C\Pointer\PointerBasic\PointerBasic.cpp(24,9): warning C4313: 'printf': '%d' in format string conflicts with argument 2 of type 'int **'
C:\Dev\VisualStudio\C\Pointer\PointerBasic\PointerBasic.cpp(26,9): warning C4477: 'printf' : format string '%d' requires an argument of type 'int', but variadic argument 1 has type 'int **'
C:\Dev\VisualStudio\C\Pointer\PointerBasic\PointerBasic.cpp(26,9): warning C4313: 'printf': '%d' in format string conflicts with argument 1 of type 'int **'
C:\Dev\VisualStudio\C\Pointer\PointerBasic\PointerBasic.cpp(26,9): warning C4477: 'printf' : format string '%d' requires an argument of type 'int', but variadic argument 2 has type 'int ***'
C:\Dev\VisualStudio\C\Pointer\PointerBasic\PointerBasic.cpp(26,9): warning C4313: 'printf': '%d' in format string conflicts with argument 2 of type 'int ***'
C:\Dev\VisualStudio\C\Pointer\PointerBasic\PointerBasic.cpp(27,9): warning C4477: 'printf' : format string '%d' requires an argument of type 'int', but variadic argument 1 has type 'int *'
C:\Dev\VisualStudio\C\Pointer\PointerBasic\PointerBasic.cpp(27,9): warning C4313: 'printf': '%d' in format string conflicts with argument 1 of type 'int *'
C:\Dev\VisualStudio\C\Pointer\PointerBasic\PointerBasic.cpp(27,9): warning C4477: 'printf' : format string '%d' requires an argument of type 'int', but variadic argument 2 has type 'int *'
C:\Dev\VisualStudio\C\Pointer\PointerBasic\PointerBasic.cpp(27,9): warning C4313: 'printf': '%d' in format string conflicts with argument 2 of type 'int *'
C:\Dev\VisualStudio\C\Pointer\PointerBasic\PointerBasic.cpp(36,9): warning C4477: 'printf' : format string '%d' requires an argument of type 'int', but variadic argument 1 has type 'int *'
C:\Dev\VisualStudio\C\Pointer\PointerBasic\PointerBasic.cpp(36,9): warning C4313: 'printf': '%d' in format string conflicts with argument 1 of type 'int *'
C:\Dev\VisualStudio\C\Pointer\PointerBasic\PointerBasic.cpp(39,9): warning C4477: 'printf' : format string '%d' requires an argument of type 'int', but variadic argument 1 has type 'int *'
C:\Dev\VisualStudio\C\Pointer\PointerBasic\PointerBasic.cpp(39,9): warning C4313: 'printf': '%d' in format string conflicts with argument 1 of type 'int *'
C:\Dev\VisualStudio\C\Pointer\PointerBasic\PointerBasic.cpp(42,9): warning C4477: 'printf' : format string '%d' requires an argument of type 'int', but variadic argument 1 has type 'int *'
C:\Dev\VisualStudio\C\Pointer\PointerBasic\PointerBasic.cpp(42,9): warning C4313: 'printf': '%d' in format string conflicts with argument 1 of type 'int *'
C:\Dev\VisualStudio\C\Pointer\PointerBasic\PointerBasic.cpp(45,9): warning C4477: 'printf' : format string '%d' requires an argument of type 'int', but variadic argument 1 has type 'int *'
C:\Dev\VisualStudio\C\Pointer\PointerBasic\PointerBasic.cpp(45,9): warning C4313: 'printf': '%d' in format string conflicts with argument 1 of type 'int *'
C:\Dev\VisualStudio\C\Pointer\PointerBasic\PointerBasic.cpp(48,9): warning C4477: 'printf' : format string '%d' requires an argument of type 'int', but variadic argument 1 has type 'int *'
C:\Dev\VisualStudio\C\Pointer\PointerBasic\PointerBasic.cpp(48,9): warning C4313: 'printf': '%d' in format string conflicts with argument 1 of type 'int *'
  PointerBasic.vcxproj -> C:\Dev\VisualStudio\C\Pointer\PointerBasic\x64\Debug\PointerBasic.exe
